ERROR - 2023-04-13 12:09:09 --> Error connecting to the database: mysqli_sql_exception: No connection could be made because the target machine actively refused it in C:\xampp\htdocs\proyekWGG.com\system\Database\MySQLi\Connection.php:174
Stack trace:
#0 C:\xampp\htdocs\proyekWGG.com\system\Database\MySQLi\Connection.php(174): mysqli->real_connect('localhost', 'root', '', 'proyekwgg', 3307, '', 0)
#1 C:\xampp\htdocs\proyekWGG.com\system\Database\BaseConnection.php(391): CodeIgniter\Database\MySQLi\Connection->connect(false)
#2 C:\xampp\htdocs\proyekWGG.com\system\Database\BaseConnection.php(573): CodeIgniter\Database\BaseConnection->initialize()
#3 C:\xampp\htdocs\proyekWGG.com\system\Database\BaseBuilder.php(1616): CodeIgniter\Database\BaseConnection->query('SELECT *\nFROM `...', Array, false)
#4 C:\xampp\htdocs\proyekWGG.com\app\Models\LoginModel.php(53): CodeIgniter\Database\BaseBuilder->get()
#5 C:\xampp\htdocs\proyekWGG.com\app\Controllers\Home.php(44): App\Models\LoginModel->tampilkan_data()
#6 C:\xampp\htdocs\proyekWGG.com\system\CodeIgniter.php(934): App\Controllers\Home->crew()
#7 C:\xampp\htdocs\proyekWGG.com\system\CodeIgniter.php(499): CodeIgniter\CodeIgniter->runController(Object(App\Controllers\Home))
#8 C:\xampp\htdocs\proyekWGG.com\system\CodeIgniter.php(368): CodeIgniter\CodeIgniter->handleRequest(NULL, Object(Config\Cache), false)
#9 C:\xampp\htdocs\proyekWGG.com\index.php(67): CodeIgniter\CodeIgniter->run()
#10 {main}

Next CodeIgniter\Database\Exceptions\DatabaseException: No connection could be made because the target machine actively refused it in C:\xampp\htdocs\proyekWGG.com\system\Database\MySQLi\Connection.php:218
Stack trace:
#0 C:\xampp\htdocs\proyekWGG.com\system\Database\BaseConnection.php(391): CodeIgniter\Database\MySQLi\Connection->connect(false)
#1 C:\xampp\htdocs\proyekWGG.com\system\Database\BaseConnection.php(573): CodeIgniter\Database\BaseConnection->initialize()
#2 C:\xampp\htdocs\proyekWGG.com\system\Database\BaseBuilder.php(1616): CodeIgniter\Database\BaseConnection->query('SELECT *\nFROM `...', Array, false)
#3 C:\xampp\htdocs\proyekWGG.com\app\Models\LoginModel.php(53): CodeIgniter\Database\BaseBuilder->get()
#4 C:\xampp\htdocs\proyekWGG.com\app\Controllers\Home.php(44): App\Models\LoginModel->tampilkan_data()
#5 C:\xampp\htdocs\proyekWGG.com\system\CodeIgniter.php(934): App\Controllers\Home->crew()
#6 C:\xampp\htdocs\proyekWGG.com\system\CodeIgniter.php(499): CodeIgniter\CodeIgniter->runController(Object(App\Controllers\Home))
#7 C:\xampp\htdocs\proyekWGG.com\system\CodeIgniter.php(368): CodeIgniter\CodeIgniter->handleRequest(NULL, Object(Config\Cache), false)
#8 C:\xampp\htdocs\proyekWGG.com\index.php(67): CodeIgniter\CodeIgniter->run()
#9 {main}
CRITICAL - 2023-04-13 12:09:09 --> Unable to connect to the database.
Main connection [MySQLi]: No connection could be made because the target machine actively refused it
in SYSTEMPATH\Database\BaseConnection.php on line 427.
 1 SYSTEMPATH\Database\BaseConnection.php(573): CodeIgniter\Database\BaseConnection->initialize()
 2 SYSTEMPATH\Database\BaseBuilder.php(1616): CodeIgniter\Database\BaseConnection->query('SELECT *
FROM `account`', [], false)
 3 APPPATH\Models\LoginModel.php(53): CodeIgniter\Database\BaseBuilder->get()
 4 APPPATH\Controllers\Home.php(44): App\Models\LoginModel->tampilkan_data()
 5 SYSTEMPATH\CodeIgniter.php(934): App\Controllers\Home->crew()
 6 SYSTEMPATH\CodeIgniter.php(499): CodeIgniter\CodeIgniter->runController(Object(App\Controllers\Home))
 7 SYSTEMPATH\CodeIgniter.php(368): CodeIgniter\CodeIgniter->handleRequest(null, Object(Config\Cache), false)
 8 FCPATH\index.php(67): CodeIgniter\CodeIgniter->run()
